

Version:	3.14
CmdLine:	C:\Users\AndreySavich\eclipse-workspace\MELEjavaLauncherGUI\bin\melelauncherGUI\MassEffectLauncher.exe --l4j-debug
WOW64:		yes
Working dir:	C:\Users\AndreySavich\eclipse-workspace\MELEjavaLauncherGUI\bin\melelauncherGUI\.
Java min ver:	1.011.000
Java max ver:	
64-bit search:	SOFTWARE\JavaSoft\Java Runtime Environment...
Check:		SOFTWARE\JavaSoft\Java Runtime Environment\1.8
Ignore:		1.008.000
Check:		SOFTWARE\JavaSoft\Java Runtime Environment\1.8.0_312
Ignore:		1.008.000_312
32-bit search:	SOFTWARE\JavaSoft\Java Runtime Environment...
Check:		SOFTWARE\JavaSoft\Java Runtime Environment\1.8
Ignore:		1.008.000
Check:		SOFTWARE\JavaSoft\Java Runtime Environment\1.8.0_312
Ignore:		1.008.000_312
64-bit search:	SOFTWARE\JavaSoft\Java Development Kit...
Check:		SOFTWARE\JavaSoft\Java Development Kit\1.8
Ignore:		1.008.000
Check:		SOFTWARE\JavaSoft\Java Development Kit\1.8.0_312
Ignore:		1.008.000_312
32-bit search:	SOFTWARE\JavaSoft\Java Development Kit...
Check:		SOFTWARE\JavaSoft\Java Development Kit\1.8
Ignore:		1.008.000
Check:		SOFTWARE\JavaSoft\Java Development Kit\1.8.0_312
Ignore:		1.008.000_312
64-bit search:	SOFTWARE\JavaSoft\JRE...
32-bit search:	SOFTWARE\JavaSoft\JRE...
64-bit search:	SOFTWARE\JavaSoft\JDK...
Check:		SOFTWARE\JavaSoft\JDK\11.0.13
Check launcher:	C:\Program Files\Amazon Corretto\jdk11.0.13_8\bin\javaw.exe (OK)
Match:		1.011.000_013
Runtime used:	1.011.000_013 (64-bit)
Launcher:	C:\Program Files\Amazon Corretto\jdk11.0.13_8\bin\javaw.exe
Launcher args:	-jar "C:\Users\AndreySavich\eclipse-workspace\MELEjavaLauncherGUI\bin\melelauncherGUI\MassEffectLauncher.exe"
Args length:	109/32768 chars
Exit code:	0


Version:	3.14
CmdLine:	C:\Users\AndreySavich\eclipse-workspace\MELEjavaLauncherGUI\bin\melelauncherGUI\MassEffectLauncher.exe --l4j-debug
WOW64:		yes
Working dir:	C:\Users\AndreySavich\eclipse-workspace\MELEjavaLauncherGUI\bin\melelauncherGUI\.
Java min ver:	1.011.000
Java max ver:	
64-bit search:	SOFTWARE\JavaSoft\Java Runtime Environment...
Check:		SOFTWARE\JavaSoft\Java Runtime Environment\1.8
Ignore:		1.008.000
Check:		SOFTWARE\JavaSoft\Java Runtime Environment\1.8.0_312
Ignore:		1.008.000_312
32-bit search:	SOFTWARE\JavaSoft\Java Runtime Environment...
Check:		SOFTWARE\JavaSoft\Java Runtime Environment\1.8
Ignore:		1.008.000
Check:		SOFTWARE\JavaSoft\Java Runtime Environment\1.8.0_312
Ignore:		1.008.000_312
64-bit search:	SOFTWARE\JavaSoft\Java Development Kit...
Check:		SOFTWARE\JavaSoft\Java Development Kit\1.8
Ignore:		1.008.000
Check:		SOFTWARE\JavaSoft\Java Development Kit\1.8.0_312
Ignore:		1.008.000_312
32-bit search:	SOFTWARE\JavaSoft\Java Development Kit...
Check:		SOFTWARE\JavaSoft\Java Development Kit\1.8
Ignore:		1.008.000
Check:		SOFTWARE\JavaSoft\Java Development Kit\1.8.0_312
Ignore:		1.008.000_312
64-bit search:	SOFTWARE\JavaSoft\JRE...
32-bit search:	SOFTWARE\JavaSoft\JRE...
64-bit search:	SOFTWARE\JavaSoft\JDK...
Check:		SOFTWARE\JavaSoft\JDK\11.0.13
Check launcher:	C:\Program Files\Amazon Corretto\jdk11.0.13_8\bin\javaw.exe (OK)
Match:		1.011.000_013
Runtime used:	1.011.000_013 (64-bit)
Launcher:	C:\Program Files\Amazon Corretto\jdk11.0.13_8\bin\javaw.exe
Launcher args:	-jar "C:\Users\AndreySavich\eclipse-workspace\MELEjavaLauncherGUI\bin\melelauncherGUI\MassEffectLauncher.exe"
Args length:	109/32768 chars
Error msg:	An error occurred while starting the application.


Version:	3.14
CmdLine:	C:\Users\AndreySavich\eclipse-workspace\MELEjavaLauncherGUI\bin\melelauncherGUI\MassEffectLauncher.exe --l4j-debug
WOW64:		yes
Working dir:	C:\Users\AndreySavich\eclipse-workspace\MELEjavaLauncherGUI\bin\melelauncherGUI\.
Java min ver:	1.011.000
Java max ver:	
64-bit search:	SOFTWARE\JavaSoft\Java Runtime Environment...
Check:		SOFTWARE\JavaSoft\Java Runtime Environment\1.8
Ignore:		1.008.000
Check:		SOFTWARE\JavaSoft\Java Runtime Environment\1.8.0_312
Ignore:		1.008.000_312
32-bit search:	SOFTWARE\JavaSoft\Java Runtime Environment...
Check:		SOFTWARE\JavaSoft\Java Runtime Environment\1.8
Ignore:		1.008.000
Check:		SOFTWARE\JavaSoft\Java Runtime Environment\1.8.0_312
Ignore:		1.008.000_312
64-bit search:	SOFTWARE\JavaSoft\Java Development Kit...
Check:		SOFTWARE\JavaSoft\Java Development Kit\1.8
Ignore:		1.008.000
Check:		SOFTWARE\JavaSoft\Java Development Kit\1.8.0_312
Ignore:		1.008.000_312
32-bit search:	SOFTWARE\JavaSoft\Java Development Kit...
Check:		SOFTWARE\JavaSoft\Java Development Kit\1.8
Ignore:		1.008.000
Check:		SOFTWARE\JavaSoft\Java Development Kit\1.8.0_312
Ignore:		1.008.000_312
64-bit search:	SOFTWARE\JavaSoft\JRE...
32-bit search:	SOFTWARE\JavaSoft\JRE...
64-bit search:	SOFTWARE\JavaSoft\JDK...
Check:		SOFTWARE\JavaSoft\JDK\11.0.13
Check launcher:	C:\Program Files\Amazon Corretto\jdk11.0.13_8\bin\javaw.exe (OK)
Match:		1.011.000_013
Runtime used:	1.011.000_013 (64-bit)
Launcher:	C:\Program Files\Amazon Corretto\jdk11.0.13_8\bin\javaw.exe
Launcher args:	-jar "C:\Users\AndreySavich\eclipse-workspace\MELEjavaLauncherGUI\bin\melelauncherGUI\MassEffectLauncher.exe"
Args length:	109/32768 chars
Error msg:	An error occurred while starting the application.


Version:	3.14
CmdLine:	C:\Users\AndreySavich\eclipse-workspace\MELEjavaLauncherGUI\bin\melelauncherGUI\MassEffectLauncher.exe --l4j-debug
WOW64:		yes
Working dir:	C:\Users\AndreySavich\eclipse-workspace\MELEjavaLauncherGUI\bin\melelauncherGUI\.
Java min ver:	1.011.000
Java max ver:	
64-bit search:	SOFTWARE\JavaSoft\Java Runtime Environment...
Check:		SOFTWARE\JavaSoft\Java Runtime Environment\1.8
Ignore:		1.008.000
Check:		SOFTWARE\JavaSoft\Java Runtime Environment\1.8.0_312
Ignore:		1.008.000_312
32-bit search:	SOFTWARE\JavaSoft\Java Runtime Environment...
Check:		SOFTWARE\JavaSoft\Java Runtime Environment\1.8
Ignore:		1.008.000
Check:		SOFTWARE\JavaSoft\Java Runtime Environment\1.8.0_312
Ignore:		1.008.000_312
64-bit search:	SOFTWARE\JavaSoft\Java Development Kit...
Check:		SOFTWARE\JavaSoft\Java Development Kit\1.8
Ignore:		1.008.000
Check:		SOFTWARE\JavaSoft\Java Development Kit\1.8.0_312
Ignore:		1.008.000_312
32-bit search:	SOFTWARE\JavaSoft\Java Development Kit...
Check:		SOFTWARE\JavaSoft\Java Development Kit\1.8
Ignore:		1.008.000
Check:		SOFTWARE\JavaSoft\Java Development Kit\1.8.0_312
Ignore:		1.008.000_312
64-bit search:	SOFTWARE\JavaSoft\JRE...
32-bit search:	SOFTWARE\JavaSoft\JRE...
64-bit search:	SOFTWARE\JavaSoft\JDK...
Check:		SOFTWARE\JavaSoft\JDK\11.0.13
Check launcher:	C:\Program Files\Amazon Corretto\jdk11.0.13_8\bin\javaw.exe (OK)
Match:		1.011.000_013
Runtime used:	1.011.000_013 (64-bit)
Launcher:	C:\Program Files\Amazon Corretto\jdk11.0.13_8\bin\javaw.exe
Launcher args:	-jar "C:\Users\AndreySavich\eclipse-workspace\MELEjavaLauncherGUI\bin\melelauncherGUI\MassEffectLauncher.exe"
Args length:	109/32768 chars
Error msg:	An error occurred while starting the application.


Version:	3.14
CmdLine:	C:\Users\AndreySavich\eclipse-workspace\MELEjavaLauncherGUI\bin\melelauncherGUI\MassEffectLauncher.exe --l4j-debug
WOW64:		yes
Working dir:	C:\Users\AndreySavich\eclipse-workspace\MELEjavaLauncherGUI\bin\melelauncherGUI\.
Java min ver:	1.011.000
Java max ver:	
64-bit search:	SOFTWARE\JavaSoft\Java Runtime Environment...
Check:		SOFTWARE\JavaSoft\Java Runtime Environment\1.8
Ignore:		1.008.000
Check:		SOFTWARE\JavaSoft\Java Runtime Environment\1.8.0_312
Ignore:		1.008.000_312
32-bit search:	SOFTWARE\JavaSoft\Java Runtime Environment...
Check:		SOFTWARE\JavaSoft\Java Runtime Environment\1.8
Ignore:		1.008.000
Check:		SOFTWARE\JavaSoft\Java Runtime Environment\1.8.0_312
Ignore:		1.008.000_312
64-bit search:	SOFTWARE\JavaSoft\Java Development Kit...
Check:		SOFTWARE\JavaSoft\Java Development Kit\1.8
Ignore:		1.008.000
Check:		SOFTWARE\JavaSoft\Java Development Kit\1.8.0_312
Ignore:		1.008.000_312
32-bit search:	SOFTWARE\JavaSoft\Java Development Kit...
Check:		SOFTWARE\JavaSoft\Java Development Kit\1.8
Ignore:		1.008.000
Check:		SOFTWARE\JavaSoft\Java Development Kit\1.8.0_312
Ignore:		1.008.000_312
64-bit search:	SOFTWARE\JavaSoft\JRE...
32-bit search:	SOFTWARE\JavaSoft\JRE...
64-bit search:	SOFTWARE\JavaSoft\JDK...
Check:		SOFTWARE\JavaSoft\JDK\11.0.13
Check launcher:	C:\Program Files\Amazon Corretto\jdk11.0.13_8\bin\javaw.exe (OK)
Match:		1.011.000_013
Runtime used:	1.011.000_013 (64-bit)
Launcher:	C:\Program Files\Amazon Corretto\jdk11.0.13_8\bin\javaw.exe
Launcher args:	-jar "C:\Users\AndreySavich\eclipse-workspace\MELEjavaLauncherGUI\bin\melelauncherGUI\MassEffectLauncher.exe"
Args length:	109/32768 chars
Error msg:	An error occurred while starting the application.


Version:	3.14
CmdLine:	C:\Users\AndreySavich\eclipse-workspace\MELEjavaLauncherGUI\bin\melelauncherGUI\MassEffectLauncher.exe --l4j-debug
WOW64:		yes
Working dir:	C:\Users\AndreySavich\eclipse-workspace\MELEjavaLauncherGUI\bin\melelauncherGUI\.
Java min ver:	1.011.000
Java max ver:	
64-bit search:	SOFTWARE\JavaSoft\Java Runtime Environment...
Check:		SOFTWARE\JavaSoft\Java Runtime Environment\1.8
Ignore:		1.008.000
Check:		SOFTWARE\JavaSoft\Java Runtime Environment\1.8.0_312
Ignore:		1.008.000_312
32-bit search:	SOFTWARE\JavaSoft\Java Runtime Environment...
Check:		SOFTWARE\JavaSoft\Java Runtime Environment\1.8
Ignore:		1.008.000
Check:		SOFTWARE\JavaSoft\Java Runtime Environment\1.8.0_312
Ignore:		1.008.000_312
64-bit search:	SOFTWARE\JavaSoft\Java Development Kit...
Check:		SOFTWARE\JavaSoft\Java Development Kit\1.8
Ignore:		1.008.000
Check:		SOFTWARE\JavaSoft\Java Development Kit\1.8.0_312
Ignore:		1.008.000_312
32-bit search:	SOFTWARE\JavaSoft\Java Development Kit...
Check:		SOFTWARE\JavaSoft\Java Development Kit\1.8
Ignore:		1.008.000
Check:		SOFTWARE\JavaSoft\Java Development Kit\1.8.0_312
Ignore:		1.008.000_312
64-bit search:	SOFTWARE\JavaSoft\JRE...
32-bit search:	SOFTWARE\JavaSoft\JRE...
64-bit search:	SOFTWARE\JavaSoft\JDK...
Check:		SOFTWARE\JavaSoft\JDK\11.0.13
Check launcher:	C:\Program Files\Amazon Corretto\jdk11.0.13_8\bin\javaw.exe (OK)
Match:		1.011.000_013
Runtime used:	1.011.000_013 (64-bit)
Launcher:	C:\Program Files\Amazon Corretto\jdk11.0.13_8\bin\javaw.exe
Launcher args:	-jar "C:\Users\AndreySavich\eclipse-workspace\MELEjavaLauncherGUI\bin\melelauncherGUI\MassEffectLauncher.exe"
Args length:	109/32768 chars
Error msg:	An error occurred while starting the application.


Version:	3.14
CmdLine:	C:\Users\AndreySavich\eclipse-workspace\MELEjavaLauncherGUI\bin\melelauncherGUI\MassEffectLauncher.exe --l4j-debug
WOW64:		yes
Working dir:	C:\Users\AndreySavich\eclipse-workspace\MELEjavaLauncherGUI\bin\melelauncherGUI\.
Java min ver:	1.011.000
Java max ver:	
64-bit search:	SOFTWARE\JavaSoft\Java Runtime Environment...
Check:		SOFTWARE\JavaSoft\Java Runtime Environment\1.8
Ignore:		1.008.000
Check:		SOFTWARE\JavaSoft\Java Runtime Environment\1.8.0_312
Ignore:		1.008.000_312
32-bit search:	SOFTWARE\JavaSoft\Java Runtime Environment...
Check:		SOFTWARE\JavaSoft\Java Runtime Environment\1.8
Ignore:		1.008.000
Check:		SOFTWARE\JavaSoft\Java Runtime Environment\1.8.0_312
Ignore:		1.008.000_312
64-bit search:	SOFTWARE\JavaSoft\Java Development Kit...
Check:		SOFTWARE\JavaSoft\Java Development Kit\1.8
Ignore:		1.008.000
Check:		SOFTWARE\JavaSoft\Java Development Kit\1.8.0_312
Ignore:		1.008.000_312
32-bit search:	SOFTWARE\JavaSoft\Java Development Kit...
Check:		SOFTWARE\JavaSoft\Java Development Kit\1.8
Ignore:		1.008.000
Check:		SOFTWARE\JavaSoft\Java Development Kit\1.8.0_312
Ignore:		1.008.000_312
64-bit search:	SOFTWARE\JavaSoft\JRE...
32-bit search:	SOFTWARE\JavaSoft\JRE...
64-bit search:	SOFTWARE\JavaSoft\JDK...
Check:		SOFTWARE\JavaSoft\JDK\11.0.13
Check launcher:	C:\Program Files\Amazon Corretto\jdk11.0.13_8\bin\javaw.exe (OK)
Match:		1.011.000_013
Runtime used:	1.011.000_013 (64-bit)
Launcher:	C:\Program Files\Amazon Corretto\jdk11.0.13_8\bin\javaw.exe
Launcher args:	-jar "C:\Users\AndreySavich\eclipse-workspace\MELEjavaLauncherGUI\bin\melelauncherGUI\MassEffectLauncher.exe"
Args length:	109/32768 chars
Error msg:	An error occurred while starting the application.


Version:	3.14
CmdLine:	C:\Users\AndreySavich\eclipse-workspace\MELEjavaLauncherGUI\bin\melelauncherGUI\MassEffectLauncher.exe --l4j-debug
WOW64:		yes
Working dir:	C:\Users\AndreySavich\eclipse-workspace\MELEjavaLauncherGUI\bin\melelauncherGUI\.
Java min ver:	1.011.000
Java max ver:	
64-bit search:	SOFTWARE\JavaSoft\Java Runtime Environment...
Check:		SOFTWARE\JavaSoft\Java Runtime Environment\1.8
Ignore:		1.008.000
Check:		SOFTWARE\JavaSoft\Java Runtime Environment\1.8.0_312
Ignore:		1.008.000_312
32-bit search:	SOFTWARE\JavaSoft\Java Runtime Environment...
Check:		SOFTWARE\JavaSoft\Java Runtime Environment\1.8
Ignore:		1.008.000
Check:		SOFTWARE\JavaSoft\Java Runtime Environment\1.8.0_312
Ignore:		1.008.000_312
64-bit search:	SOFTWARE\JavaSoft\Java Development Kit...
Check:		SOFTWARE\JavaSoft\Java Development Kit\1.8
Ignore:		1.008.000
Check:		SOFTWARE\JavaSoft\Java Development Kit\1.8.0_312
Ignore:		1.008.000_312
32-bit search:	SOFTWARE\JavaSoft\Java Development Kit...
Check:		SOFTWARE\JavaSoft\Java Development Kit\1.8
Ignore:		1.008.000
Check:		SOFTWARE\JavaSoft\Java Development Kit\1.8.0_312
Ignore:		1.008.000_312
64-bit search:	SOFTWARE\JavaSoft\JRE...
32-bit search:	SOFTWARE\JavaSoft\JRE...
64-bit search:	SOFTWARE\JavaSoft\JDK...
Check:		SOFTWARE\JavaSoft\JDK\11.0.13
Check launcher:	C:\Program Files\Amazon Corretto\jdk11.0.13_8\bin\javaw.exe (OK)
Match:		1.011.000_013
Runtime used:	1.011.000_013 (64-bit)
Launcher:	C:\Program Files\Amazon Corretto\jdk11.0.13_8\bin\javaw.exe
Launcher args:	-jar "C:\Users\AndreySavich\eclipse-workspace\MELEjavaLauncherGUI\bin\melelauncherGUI\MassEffectLauncher.exe"
Args length:	109/32768 chars
Error msg:	An error occurred while starting the application.


Version:	3.14
CmdLine:	C:\Users\AndreySavich\eclipse-workspace\MELEjavaLauncherGUI\bin\melelauncherGUI\MassEffectLauncher.exe --l4j-debug
WOW64:		yes
Working dir:	C:\Users\AndreySavich\eclipse-workspace\MELEjavaLauncherGUI\bin\melelauncherGUI\.
Java min ver:	1.011.000
Java max ver:	
64-bit search:	SOFTWARE\JavaSoft\Java Runtime Environment...
Check:		SOFTWARE\JavaSoft\Java Runtime Environment\1.8
Ignore:		1.008.000
Check:		SOFTWARE\JavaSoft\Java Runtime Environment\1.8.0_312
Ignore:		1.008.000_312
32-bit search:	SOFTWARE\JavaSoft\Java Runtime Environment...
Check:		SOFTWARE\JavaSoft\Java Runtime Environment\1.8
Ignore:		1.008.000
Check:		SOFTWARE\JavaSoft\Java Runtime Environment\1.8.0_312
Ignore:		1.008.000_312
64-bit search:	SOFTWARE\JavaSoft\Java Development Kit...
Check:		SOFTWARE\JavaSoft\Java Development Kit\1.8
Ignore:		1.008.000
Check:		SOFTWARE\JavaSoft\Java Development Kit\1.8.0_312
Ignore:		1.008.000_312
32-bit search:	SOFTWARE\JavaSoft\Java Development Kit...
Check:		SOFTWARE\JavaSoft\Java Development Kit\1.8
Ignore:		1.008.000
Check:		SOFTWARE\JavaSoft\Java Development Kit\1.8.0_312
Ignore:		1.008.000_312
64-bit search:	SOFTWARE\JavaSoft\JRE...
32-bit search:	SOFTWARE\JavaSoft\JRE...
64-bit search:	SOFTWARE\JavaSoft\JDK...
Check:		SOFTWARE\JavaSoft\JDK\11.0.13
Check launcher:	C:\Program Files\Amazon Corretto\jdk11.0.13_8\bin\javaw.exe (OK)
Match:		1.011.000_013
Runtime used:	1.011.000_013 (64-bit)
Launcher:	C:\Program Files\Amazon Corretto\jdk11.0.13_8\bin\javaw.exe
Launcher args:	-jar "C:\Users\AndreySavich\eclipse-workspace\MELEjavaLauncherGUI\bin\melelauncherGUI\MassEffectLauncher.exe"
Args length:	109/32768 chars
Error msg:	An error occurred while starting the application.


Version:	3.14
CmdLine:	C:\Users\AndreySavich\eclipse-workspace\MELEjavaLauncherGUI\bin\melelauncherGUI\MassEffectLauncher.exe --l4j-debug
WOW64:		yes
Working dir:	C:\Users\AndreySavich\eclipse-workspace\MELEjavaLauncherGUI\bin\melelauncherGUI\.
Java min ver:	1.011.000
Java max ver:	
64-bit search:	SOFTWARE\JavaSoft\Java Runtime Environment...
Check:		SOFTWARE\JavaSoft\Java Runtime Environment\1.8
Ignore:		1.008.000
Check:		SOFTWARE\JavaSoft\Java Runtime Environment\1.8.0_312
Ignore:		1.008.000_312
32-bit search:	SOFTWARE\JavaSoft\Java Runtime Environment...
Check:		SOFTWARE\JavaSoft\Java Runtime Environment\1.8
Ignore:		1.008.000
Check:		SOFTWARE\JavaSoft\Java Runtime Environment\1.8.0_312
Ignore:		1.008.000_312
64-bit search:	SOFTWARE\JavaSoft\Java Development Kit...
Check:		SOFTWARE\JavaSoft\Java Development Kit\1.8
Ignore:		1.008.000
Check:		SOFTWARE\JavaSoft\Java Development Kit\1.8.0_312
Ignore:		1.008.000_312
32-bit search:	SOFTWARE\JavaSoft\Java Development Kit...
Check:		SOFTWARE\JavaSoft\Java Development Kit\1.8
Ignore:		1.008.000
Check:		SOFTWARE\JavaSoft\Java Development Kit\1.8.0_312
Ignore:		1.008.000_312
64-bit search:	SOFTWARE\JavaSoft\JRE...
32-bit search:	SOFTWARE\JavaSoft\JRE...
64-bit search:	SOFTWARE\JavaSoft\JDK...
Check:		SOFTWARE\JavaSoft\JDK\11.0.13
Check launcher:	C:\Program Files\Amazon Corretto\jdk11.0.13_8\bin\javaw.exe (OK)
Match:		1.011.000_013
Runtime used:	1.011.000_013 (64-bit)
Launcher:	C:\Program Files\Amazon Corretto\jdk11.0.13_8\bin\javaw.exe
Launcher args:	-jar "C:\Users\AndreySavich\eclipse-workspace\MELEjavaLauncherGUI\bin\melelauncherGUI\MassEffectLauncher.exe"
Args length:	109/32768 chars
Error msg:	An error occurred while starting the application.


Version:	3.14
CmdLine:	C:\Users\AndreySavich\eclipse-workspace\MELEjavaLauncherGUI\bin\melelauncherGUI\MassEffectLauncher.exe --l4j-debug
WOW64:		yes
Working dir:	C:\Users\AndreySavich\eclipse-workspace\MELEjavaLauncherGUI\bin\melelauncherGUI\.
Java min ver:	1.011.000
Java max ver:	
64-bit search:	SOFTWARE\JavaSoft\Java Runtime Environment...
Check:		SOFTWARE\JavaSoft\Java Runtime Environment\1.8
Ignore:		1.008.000
Check:		SOFTWARE\JavaSoft\Java Runtime Environment\1.8.0_312
Ignore:		1.008.000_312
32-bit search:	SOFTWARE\JavaSoft\Java Runtime Environment...
Check:		SOFTWARE\JavaSoft\Java Runtime Environment\1.8
Ignore:		1.008.000
Check:		SOFTWARE\JavaSoft\Java Runtime Environment\1.8.0_312
Ignore:		1.008.000_312
64-bit search:	SOFTWARE\JavaSoft\Java Development Kit...
Check:		SOFTWARE\JavaSoft\Java Development Kit\1.8
Ignore:		1.008.000
Check:		SOFTWARE\JavaSoft\Java Development Kit\1.8.0_312
Ignore:		1.008.000_312
32-bit search:	SOFTWARE\JavaSoft\Java Development Kit...
Check:		SOFTWARE\JavaSoft\Java Development Kit\1.8
Ignore:		1.008.000
Check:		SOFTWARE\JavaSoft\Java Development Kit\1.8.0_312
Ignore:		1.008.000_312
64-bit search:	SOFTWARE\JavaSoft\JRE...
32-bit search:	SOFTWARE\JavaSoft\JRE...
64-bit search:	SOFTWARE\JavaSoft\JDK...
Check:		SOFTWARE\JavaSoft\JDK\11.0.13
Check launcher:	C:\Program Files\Amazon Corretto\jdk11.0.13_8\bin\javaw.exe (OK)
Match:		1.011.000_013
Runtime used:	1.011.000_013 (64-bit)
Launcher:	C:\Program Files\Amazon Corretto\jdk11.0.13_8\bin\javaw.exe
Launcher args:	-jar "C:\Users\AndreySavich\eclipse-workspace\MELEjavaLauncherGUI\bin\melelauncherGUI\MassEffectLauncher.exe"
Args length:	109/32768 chars
Error msg:	An error occurred while starting the application.


Version:	3.14
CmdLine:	C:\Users\AndreySavich\eclipse-workspace\MELEjavaLauncherGUI\bin\melelauncherGUI\MassEffectLauncher.exe --l4j-debug
WOW64:		yes
Working dir:	C:\Users\AndreySavich\eclipse-workspace\MELEjavaLauncherGUI\bin\melelauncherGUI\.
Java min ver:	1.011.000
Java max ver:	
64-bit search:	SOFTWARE\JavaSoft\Java Runtime Environment...
Check:		SOFTWARE\JavaSoft\Java Runtime Environment\1.8
Ignore:		1.008.000
Check:		SOFTWARE\JavaSoft\Java Runtime Environment\1.8.0_312
Ignore:		1.008.000_312
32-bit search:	SOFTWARE\JavaSoft\Java Runtime Environment...
Check:		SOFTWARE\JavaSoft\Java Runtime Environment\1.8
Ignore:		1.008.000
Check:		SOFTWARE\JavaSoft\Java Runtime Environment\1.8.0_312
Ignore:		1.008.000_312
64-bit search:	SOFTWARE\JavaSoft\Java Development Kit...
Check:		SOFTWARE\JavaSoft\Java Development Kit\1.8
Ignore:		1.008.000
Check:		SOFTWARE\JavaSoft\Java Development Kit\1.8.0_312
Ignore:		1.008.000_312
32-bit search:	SOFTWARE\JavaSoft\Java Development Kit...
Check:		SOFTWARE\JavaSoft\Java Development Kit\1.8
Ignore:		1.008.000
Check:		SOFTWARE\JavaSoft\Java Development Kit\1.8.0_312
Ignore:		1.008.000_312
64-bit search:	SOFTWARE\JavaSoft\JRE...
32-bit search:	SOFTWARE\JavaSoft\JRE...
64-bit search:	SOFTWARE\JavaSoft\JDK...
Check:		SOFTWARE\JavaSoft\JDK\11.0.13
Check launcher:	C:\Program Files\Amazon Corretto\jdk11.0.13_8\bin\javaw.exe (OK)
Match:		1.011.000_013
Runtime used:	1.011.000_013 (64-bit)
Launcher:	C:\Program Files\Amazon Corretto\jdk11.0.13_8\bin\javaw.exe
Launcher args:	-jar "C:\Users\AndreySavich\eclipse-workspace\MELEjavaLauncherGUI\bin\melelauncherGUI\MassEffectLauncher.exe"
Args length:	109/32768 chars
Exit code:	0


Version:	3.14
CmdLine:	C:\Users\AndreySavich\eclipse-workspace\MELEjavaLauncherGUI\bin\melelauncherGUI\MassEffectLauncher.exe --l4j-debug
WOW64:		yes
Working dir:	C:\Users\AndreySavich\eclipse-workspace\MELEjavaLauncherGUI\bin\melelauncherGUI\.
Java min ver:	1.011.000
Java max ver:	
64-bit search:	SOFTWARE\JavaSoft\Java Runtime Environment...
Check:		SOFTWARE\JavaSoft\Java Runtime Environment\1.8
Ignore:		1.008.000
Check:		SOFTWARE\JavaSoft\Java Runtime Environment\1.8.0_312
Ignore:		1.008.000_312
32-bit search:	SOFTWARE\JavaSoft\Java Runtime Environment...
Check:		SOFTWARE\JavaSoft\Java Runtime Environment\1.8
Ignore:		1.008.000
Check:		SOFTWARE\JavaSoft\Java Runtime Environment\1.8.0_312
Ignore:		1.008.000_312
64-bit search:	SOFTWARE\JavaSoft\Java Development Kit...
Check:		SOFTWARE\JavaSoft\Java Development Kit\1.8
Ignore:		1.008.000
Check:		SOFTWARE\JavaSoft\Java Development Kit\1.8.0_312
Ignore:		1.008.000_312
32-bit search:	SOFTWARE\JavaSoft\Java Development Kit...
Check:		SOFTWARE\JavaSoft\Java Development Kit\1.8
Ignore:		1.008.000
Check:		SOFTWARE\JavaSoft\Java Development Kit\1.8.0_312
Ignore:		1.008.000_312
64-bit search:	SOFTWARE\JavaSoft\JRE...
32-bit search:	SOFTWARE\JavaSoft\JRE...
64-bit search:	SOFTWARE\JavaSoft\JDK...
Check:		SOFTWARE\JavaSoft\JDK\11.0.13
Check launcher:	C:\Program Files\Amazon Corretto\jdk11.0.13_8\bin\javaw.exe (OK)
Match:		1.011.000_013
Runtime used:	1.011.000_013 (64-bit)
Launcher:	C:\Program Files\Amazon Corretto\jdk11.0.13_8\bin\javaw.exe
Launcher args:	-jar "C:\Users\AndreySavich\eclipse-workspace\MELEjavaLauncherGUI\bin\melelauncherGUI\MassEffectLauncher.exe"
Args length:	109/32768 chars
Exit code:	0


Version:	3.14
CmdLine:	C:\Users\AndreySavich\eclipse-workspace\MELEjavaLauncherGUI\bin\melelauncherGUI\MassEffectLauncher.exe --l4j-debug
WOW64:		yes
Working dir:	C:\Users\AndreySavich\eclipse-workspace\MELEjavaLauncherGUI\bin\melelauncherGUI\.
Java min ver:	1.011.000
Java max ver:	
64-bit search:	SOFTWARE\JavaSoft\Java Runtime Environment...
Check:		SOFTWARE\JavaSoft\Java Runtime Environment\1.8
Ignore:		1.008.000
Check:		SOFTWARE\JavaSoft\Java Runtime Environment\1.8.0_312
Ignore:		1.008.000_312
32-bit search:	SOFTWARE\JavaSoft\Java Runtime Environment...
Check:		SOFTWARE\JavaSoft\Java Runtime Environment\1.8
Ignore:		1.008.000
Check:		SOFTWARE\JavaSoft\Java Runtime Environment\1.8.0_312
Ignore:		1.008.000_312
64-bit search:	SOFTWARE\JavaSoft\Java Development Kit...
Check:		SOFTWARE\JavaSoft\Java Development Kit\1.8
Ignore:		1.008.000
Check:		SOFTWARE\JavaSoft\Java Development Kit\1.8.0_312
Ignore:		1.008.000_312
32-bit search:	SOFTWARE\JavaSoft\Java Development Kit...
Check:		SOFTWARE\JavaSoft\Java Development Kit\1.8
Ignore:		1.008.000
Check:		SOFTWARE\JavaSoft\Java Development Kit\1.8.0_312
Ignore:		1.008.000_312
64-bit search:	SOFTWARE\JavaSoft\JRE...
32-bit search:	SOFTWARE\JavaSoft\JRE...
64-bit search:	SOFTWARE\JavaSoft\JDK...
Check:		SOFTWARE\JavaSoft\JDK\11.0.13
Check launcher:	C:\Program Files\Amazon Corretto\jdk11.0.13_8\bin\javaw.exe (OK)
Match:		1.011.000_013
Runtime used:	1.011.000_013 (64-bit)
Launcher:	C:\Program Files\Amazon Corretto\jdk11.0.13_8\bin\javaw.exe
Launcher args:	-jar "C:\Users\AndreySavich\eclipse-workspace\MELEjavaLauncherGUI\bin\melelauncherGUI\MassEffectLauncher.exe"
Args length:	109/32768 chars
Exit code:	0


Version:	3.14
CmdLine:	C:\Users\AndreySavich\eclipse-workspace\MELEjavaLauncherGUI\bin\melelauncherGUI\MassEffectLauncher.exe --l4j-debug
WOW64:		yes
Working dir:	C:\Users\AndreySavich\eclipse-workspace\MELEjavaLauncherGUI\bin\melelauncherGUI\.
Java min ver:	1.011.000
Java max ver:	
64-bit search:	SOFTWARE\JavaSoft\Java Runtime Environment...
Check:		SOFTWARE\JavaSoft\Java Runtime Environment\1.8
Ignore:		1.008.000
Check:		SOFTWARE\JavaSoft\Java Runtime Environment\1.8.0_312
Ignore:		1.008.000_312
32-bit search:	SOFTWARE\JavaSoft\Java Runtime Environment...
Check:		SOFTWARE\JavaSoft\Java Runtime Environment\1.8
Ignore:		1.008.000
Check:		SOFTWARE\JavaSoft\Java Runtime Environment\1.8.0_312
Ignore:		1.008.000_312
64-bit search:	SOFTWARE\JavaSoft\Java Development Kit...
Check:		SOFTWARE\JavaSoft\Java Development Kit\1.8
Ignore:		1.008.000
Check:		SOFTWARE\JavaSoft\Java Development Kit\1.8.0_312
Ignore:		1.008.000_312
32-bit search:	SOFTWARE\JavaSoft\Java Development Kit...
Check:		SOFTWARE\JavaSoft\Java Development Kit\1.8
Ignore:		1.008.000
Check:		SOFTWARE\JavaSoft\Java Development Kit\1.8.0_312
Ignore:		1.008.000_312
64-bit search:	SOFTWARE\JavaSoft\JRE...
32-bit search:	SOFTWARE\JavaSoft\JRE...
64-bit search:	SOFTWARE\JavaSoft\JDK...
Check:		SOFTWARE\JavaSoft\JDK\11.0.13
Check launcher:	C:\Program Files\Amazon Corretto\jdk11.0.13_8\bin\javaw.exe (OK)
Match:		1.011.000_013
Runtime used:	1.011.000_013 (64-bit)
Launcher:	C:\Program Files\Amazon Corretto\jdk11.0.13_8\bin\javaw.exe
Launcher args:	-jar "C:\Users\AndreySavich\eclipse-workspace\MELEjavaLauncherGUI\bin\melelauncherGUI\MassEffectLauncher.exe"
Args length:	109/32768 chars
Exit code:	0


Version:	3.14
CmdLine:	C:\Users\AndreySavich\eclipse-workspace\MELEjavaLauncherGUI\bin\melelauncherGUI\MassEffectLauncher.exe --l4j-debug
WOW64:		yes
Working dir:	C:\Users\AndreySavich\eclipse-workspace\MELEjavaLauncherGUI\bin\melelauncherGUI\.
Java min ver:	1.011.000
Java max ver:	
64-bit search:	SOFTWARE\JavaSoft\Java Runtime Environment...
Check:		SOFTWARE\JavaSoft\Java Runtime Environment\1.8
Ignore:		1.008.000
Check:		SOFTWARE\JavaSoft\Java Runtime Environment\1.8.0_312
Ignore:		1.008.000_312
32-bit search:	SOFTWARE\JavaSoft\Java Runtime Environment...
Check:		SOFTWARE\JavaSoft\Java Runtime Environment\1.8
Ignore:		1.008.000
Check:		SOFTWARE\JavaSoft\Java Runtime Environment\1.8.0_312
Ignore:		1.008.000_312
64-bit search:	SOFTWARE\JavaSoft\Java Development Kit...
Check:		SOFTWARE\JavaSoft\Java Development Kit\1.8
Ignore:		1.008.000
Check:		SOFTWARE\JavaSoft\Java Development Kit\1.8.0_312
Ignore:		1.008.000_312
32-bit search:	SOFTWARE\JavaSoft\Java Development Kit...
Check:		SOFTWARE\JavaSoft\Java Development Kit\1.8
Ignore:		1.008.000
Check:		SOFTWARE\JavaSoft\Java Development Kit\1.8.0_312
Ignore:		1.008.000_312
64-bit search:	SOFTWARE\JavaSoft\JRE...
32-bit search:	SOFTWARE\JavaSoft\JRE...
64-bit search:	SOFTWARE\JavaSoft\JDK...
Check:		SOFTWARE\JavaSoft\JDK\11.0.13
Check launcher:	C:\Program Files\Amazon Corretto\jdk11.0.13_8\bin\javaw.exe (OK)
Match:		1.011.000_013
Runtime used:	1.011.000_013 (64-bit)
Launcher:	C:\Program Files\Amazon Corretto\jdk11.0.13_8\bin\javaw.exe
Launcher args:	-jar "C:\Users\AndreySavich\eclipse-workspace\MELEjavaLauncherGUI\bin\melelauncherGUI\MassEffectLauncher.exe"
Args length:	109/32768 chars
Exit code:	0
